1556885457093	mozrunner::runner	INFO	Running command: "/usr/bin/firefox" "-marionette" "-foreground" "-no-remote" "-profile" "/tmp/rust_mozprofile.DVCAJVEB3evi"
1556885457712	addons.webextension.screenshots@mozilla.org	WARN	Loading extension 'screenshots@mozilla.org': Reading manifest: Invalid extension permission: mozillaAddons
1556885457712	addons.webextension.screenshots@mozilla.org	WARN	Loading extension 'screenshots@mozilla.org': Reading manifest: Invalid extension permission: resource://pdf.js/
1556885457713	addons.webextension.screenshots@mozilla.org	WARN	Loading extension 'screenshots@mozilla.org': Reading manifest: Invalid extension permission: about:reader*
1556885461086	Marionette	INFO	Listening on port 44475
1556885461130	Marionette	WARN	TLS certificate errors will be ignored for this session
JavaScript warning: https://my.sdu.edu.kz/common/general.js, line 597: unreachable code after return statement
JavaScript warning: https://my.sdu.edu.kz/common/general.js, line 597: unreachable code after return statement
JavaScript warning: https://my.sdu.edu.kz/common/general.js, line 597: unreachable code after return statement
JavaScript warning: https://my.sdu.edu.kz/common/general.js, line 597: unreachable code after return statement

(/usr/lib/firefox/firefox:4112): dconf-WARNING **: 18:11:19.158: Unable to open /var/lib/snapd/desktop/dconf/profile/user: Permission denied
console.error: BroadcastService: 
  receivedBroadcastMessage: handler for
  remote-settings/monitor_changes
  threw error:
  Message: Error: Polling for changes failed: NetworkError when attempting to fetch resource..
  Stack:
    remoteSettingsFunction/remoteSettings.pollChanges@resource://services-settings/remote-settings.js:190:13

Exiting due to channel error.
Exiting due to channel error.
Exiting due to channel error.
1557154955088	mozrunner::runner	INFO	Running command: "/usr/bin/firefox" "-marionette" "-foreground" "-no-remote" "-profile" "/tmp/rust_mozprofile.G4JYTjv44nZP"
1557154955941	addons.webextension.screenshots@mozilla.org	WARN	Loading extension 'screenshots@mozilla.org': Reading manifest: Invalid extension permission: mozillaAddons
1557154955942	addons.webextension.screenshots@mozilla.org	WARN	Loading extension 'screenshots@mozilla.org': Reading manifest: Invalid extension permission: resource://pdf.js/
1557154955942	addons.webextension.screenshots@mozilla.org	WARN	Loading extension 'screenshots@mozilla.org': Reading manifest: Invalid extension permission: about:reader*
1557154960561	Marionette	INFO	Listening on port 36491
1557154960622	Marionette	WARN	TLS certificate errors will be ignored for this session
JavaScript warning: https://my.sdu.edu.kz/common/general.js, line 597: unreachable code after return statement
JavaScript warning: https://my.sdu.edu.kz/common/general.js, line 597: unreachable code after return statement
[Parent 4013, Gecko_IOThread] WARNING: pipe error (78): Connection reset by peer: file /build/firefox-6m4fHv/firefox-66.0.3+build1/ipc/chromium/src/chrome/common/ipc_channel_posix.cc, line 357
[Parent 4013, Gecko_IOThread] WARNING: pipe error (71): Connection reset by peer: file /build/firefox-6m4fHv/firefox-66.0.3+build1/ipc/chromium/src/chrome/common/ipc_channel_posix.cc, line 357
1557154989038	Marionette	INFO	Stopped listening on port 36491
1557155113760	mozrunner::runner	INFO	Running command: "/usr/bin/firefox" "-marionette" "-foreground" "-no-remote" "-profile" "/tmp/rust_mozprofile.nJ6T327LeHVk"
1557155114202	addons.webextension.screenshots@mozilla.org	WARN	Loading extension 'screenshots@mozilla.org': Reading manifest: Invalid extension permission: mozillaAddons
1557155114203	addons.webextension.screenshots@mozilla.org	WARN	Loading extension 'screenshots@mozilla.org': Reading manifest: Invalid extension permission: resource://pdf.js/
1557155114203	addons.webextension.screenshots@mozilla.org	WARN	Loading extension 'screenshots@mozilla.org': Reading manifest: Invalid extension permission: about:reader*
1557155117907	Marionette	INFO	Listening on port 40957
1557155118023	Marionette	WARN	TLS certificate errors will be ignored for this session
JavaScript warning: https://my.sdu.edu.kz/common/general.js, line 597: unreachable code after return statement
JavaScript warning: https://my.sdu.edu.kz/common/general.js, line 597: unreachable code after return statement
[Parent 4391, Gecko_IOThread] WARNING: pipe error (84): Connection reset by peer: file /build/firefox-6m4fHv/firefox-66.0.3+build1/ipc/chromium/src/chrome/common/ipc_channel_posix.cc, line 357
[Parent 4391, Gecko_IOThread] WARNING: pipe error (78): Connection reset by peer: file /build/firefox-6m4fHv/firefox-66.0.3+build1/ipc/chromium/src/chrome/common/ipc_channel_posix.cc, line 357
1557155194107	Marionette	INFO	Stopped listening on port 40957
1557155990285	mozrunner::runner	INFO	Running command: "/usr/bin/firefox" "-marionette" "-foreground" "-no-remote" "-profile" "/tmp/rust_mozprofile.sVPqm6TU61N1"
1557155990711	addons.webextension.screenshots@mozilla.org	WARN	Loading extension 'screenshots@mozilla.org': Reading manifest: Invalid extension permission: mozillaAddons
1557155990712	addons.webextension.screenshots@mozilla.org	WARN	Loading extension 'screenshots@mozilla.org': Reading manifest: Invalid extension permission: resource://pdf.js/
1557155990712	addons.webextension.screenshots@mozilla.org	WARN	Loading extension 'screenshots@mozilla.org': Reading manifest: Invalid extension permission: about:reader*
1557155993886	Marionette	INFO	Listening on port 38377
1557155993898	Marionette	WARN	TLS certificate errors will be ignored for this session
JavaScript warning: https://my.sdu.edu.kz/common/general.js, line 597: unreachable code after return statement
JavaScript warning: https://my.sdu.edu.kz/common/general.js, line 597: unreachable code after return statement
JavaScript warning: https://my.sdu.edu.kz/common/general.js, line 597: unreachable code after return statement
JavaScript warning: https://my.sdu.edu.kz/common/general.js, line 597: unreachable code after return statement

(/usr/lib/firefox/firefox:5931): dconf-WARNING **: 21:20:17.042: Unable to open /var/lib/snapd/desktop/dconf/profile/user: Permission denied
console.error: BroadcastService: 
  receivedBroadcastMessage: handler for
  remote-settings/monitor_changes
  threw error:
  Message: Error: Polling for changes failed: NetworkError when attempting to fetch resource..
  Stack:
    remoteSettingsFunction/remoteSettings.pollChanges@resource://services-settings/remote-settings.js:190:13

Exiting due to channel error.
Exiting due to channel error.
Exiting due to channel error.
1557157277139	mozrunner::runner	INFO	Running command: "/usr/bin/firefox" "-marionette" "-foreground" "-no-remote" "-profile" "/tmp/rust_mozprofile.qz2ql0w28prQ"
1557157277583	addons.webextension.screenshots@mozilla.org	WARN	Loading extension 'screenshots@mozilla.org': Reading manifest: Invalid extension permission: mozillaAddons
1557157277583	addons.webextension.screenshots@mozilla.org	WARN	Loading extension 'screenshots@mozilla.org': Reading manifest: Invalid extension permission: resource://pdf.js/
1557157277583	addons.webextension.screenshots@mozilla.org	WARN	Loading extension 'screenshots@mozilla.org': Reading manifest: Invalid extension permission: about:reader*
1557157280337	Marionette	INFO	Listening on port 46859
1557157280360	Marionette	WARN	TLS certificate errors will be ignored for this session
JavaScript warning: https://my.sdu.edu.kz/common/general.js, line 597: unreachable code after return statement
JavaScript warning: https://my.sdu.edu.kz/common/general.js, line 597: unreachable code after return statement
JavaScript warning: https://my.sdu.edu.kz/common/general.js, line 597: unreachable code after return statement
JavaScript warning: https://my.sdu.edu.kz/common/general.js, line 597: unreachable code after return statement

(/usr/lib/firefox/firefox:6648): dconf-WARNING **: 21:41:47.250: Unable to open /var/lib/snapd/desktop/dconf/profile/user: Permission denied
console.error: BroadcastService: 
  receivedBroadcastMessage: handler for
  remote-settings/monitor_changes
  threw error:
  Message: Error: Polling for changes failed: NetworkError when attempting to fetch resource..
  Stack:
    remoteSettingsFunction/remoteSettings.pollChanges@resource://services-settings/remote-settings.js:190:13

1557163331190	mozrunner::runner	INFO	Running command: "/usr/bin/firefox" "-marionette" "-foreground" "-no-remote" "-profile" "/tmp/rust_mozprofile.wrOtOTHBcIZu"
1557163331620	addons.webextension.screenshots@mozilla.org	WARN	Loading extension 'screenshots@mozilla.org': Reading manifest: Invalid extension permission: mozillaAddons
1557163331621	addons.webextension.screenshots@mozilla.org	WARN	Loading extension 'screenshots@mozilla.org': Reading manifest: Invalid extension permission: resource://pdf.js/
1557163331621	addons.webextension.screenshots@mozilla.org	WARN	Loading extension 'screenshots@mozilla.org': Reading manifest: Invalid extension permission: about:reader*
1557163334579	Marionette	INFO	Listening on port 37709
1557163334607	Marionette	WARN	TLS certificate errors will be ignored for this session
JavaScript warning: https://my.sdu.edu.kz/common/general.js, line 597: unreachable code after return statement
JavaScript warning: https://my.sdu.edu.kz/common/general.js, line 597: unreachable code after return statement
Exiting due to channel error.
[GFX1-]: Receive IPC close with reason=AbnormalShutdown
[GFX1-]: Receive IPC close with reason=AbnormalShutdown
[Child 8137, Chrome_ChildThread] WARNING: pipe error (3): Connection reset by peer: file /build/firefox-6m4fHv/firefox-66.0.3+build1/ipc/chromium/src/chrome/common/ipc_channel_posix.cc, line 357
Exiting due to channel error.
[Child 8160, Chrome_ChildThread] WARNING: pipe error: Broken pipe: file /build/firefox-6m4fHv/firefox-66.0.3+build1/ipc/chromium/src/chrome/common/ipc_channel_posix.cc, line 726
Exiting due to channel error.
1557163538842	mozrunner::runner	INFO	Running command: "/usr/bin/firefox" "-marionette" "-foreground" "-no-remote" "-profile" "/tmp/rust_mozprofile.kzdOMJvPoFFi"
1557163539262	addons.webextension.screenshots@mozilla.org	WARN	Loading extension 'screenshots@mozilla.org': Reading manifest: Invalid extension permission: mozillaAddons
1557163539262	addons.webextension.screenshots@mozilla.org	WARN	Loading extension 'screenshots@mozilla.org': Reading manifest: Invalid extension permission: resource://pdf.js/
1557163539262	addons.webextension.screenshots@mozilla.org	WARN	Loading extension 'screenshots@mozilla.org': Reading manifest: Invalid extension permission: about:reader*
1557163541859	Marionette	INFO	Listening on port 46439
1557163541952	Marionette	WARN	TLS certificate errors will be ignored for this session
JavaScript warning: https://my.sdu.edu.kz/common/general.js, line 597: unreachable code after return statement
JavaScript warning: https://my.sdu.edu.kz/common/general.js, line 597: unreachable code after return statement
Exiting due to channel error.
[GFX1-]: Receive IPC close with reason=AbnormalShutdown
[Child 8586, Chrome_ChildThread] WARNING: pipe error (3): Connection reset by peer: file /build/firefox-6m4fHv/firefox-66.0.3+build1/ipc/chromium/src/chrome/common/ipc_channel_posix.cc, line 357
Exiting due to channel error.
Exiting due to channel error.
1557163648041	mozrunner::runner	INFO	Running command: "/usr/bin/firefox" "-marionette" "-foreground" "-no-remote" "-profile" "/tmp/rust_mozprofile.A5WCkG6KtAlL"
1557163648459	addons.webextension.screenshots@mozilla.org	WARN	Loading extension 'screenshots@mozilla.org': Reading manifest: Invalid extension permission: mozillaAddons
1557163648460	addons.webextension.screenshots@mozilla.org	WARN	Loading extension 'screenshots@mozilla.org': Reading manifest: Invalid extension permission: resource://pdf.js/
1557163648460	addons.webextension.screenshots@mozilla.org	WARN	Loading extension 'screenshots@mozilla.org': Reading manifest: Invalid extension permission: about:reader*
1557163651390	Marionette	INFO	Listening on port 41455
1557163651496	Marionette	WARN	TLS certificate errors will be ignored for this session
JavaScript warning: https://my.sdu.edu.kz/common/general.js, line 597: unreachable code after return statement
JavaScript warning: https://my.sdu.edu.kz/common/general.js, line 597: unreachable code after return statement
1557163690923	mozrunner::runner	INFO	Running command: "/usr/bin/firefox" "-marionette" "-foreground" "-no-remote" "-profile" "/tmp/rust_mozprofile.uKzxQXb7f3eh"
1557163691390	addons.webextension.screenshots@mozilla.org	WARN	Loading extension 'screenshots@mozilla.org': Reading manifest: Invalid extension permission: mozillaAddons
1557163691391	addons.webextension.screenshots@mozilla.org	WARN	Loading extension 'screenshots@mozilla.org': Reading manifest: Invalid extension permission: resource://pdf.js/
1557163691391	addons.webextension.screenshots@mozilla.org	WARN	Loading extension 'screenshots@mozilla.org': Reading manifest: Invalid extension permission: about:reader*
1557163694390	Marionette	INFO	Listening on port 41463
1557163694436	Marionette	WARN	TLS certificate errors will be ignored for this session
JavaScript warning: https://my.sdu.edu.kz/common/general.js, line 597: unreachable code after return statement
JavaScript warning: https://my.sdu.edu.kz/common/general.js, line 597: unreachable code after return statement
Exiting due to channel error.
Exiting due to channel error.
[GFX1-]: Receive IPC close with reason=AbnormalShutdown
[Child 8966, Chrome_ChildThread] WARNING: pipe error (3): Connection reset by peer: file /build/firefox-6m4fHv/firefox-66.0.3+build1/ipc/chromium/src/chrome/common/ipc_channel_posix.cc, line 357
Exiting due to channel error.
Exiting due to channel error.
Exiting due to channel error.
Exiting due to channel error.
1557163880007	mozrunner::runner	INFO	Running command: "/usr/bin/firefox" "-marionette" "-foreground" "-no-remote" "-profile" "/tmp/rust_mozprofile.7H2rqoyqRcP8"
1557163880440	addons.webextension.screenshots@mozilla.org	WARN	Loading extension 'screenshots@mozilla.org': Reading manifest: Invalid extension permission: mozillaAddons
1557163880441	addons.webextension.screenshots@mozilla.org	WARN	Loading extension 'screenshots@mozilla.org': Reading manifest: Invalid extension permission: resource://pdf.js/
1557163880441	addons.webextension.screenshots@mozilla.org	WARN	Loading extension 'screenshots@mozilla.org': Reading manifest: Invalid extension permission: about:reader*
1557163883499	Marionette	INFO	Listening on port 46565
1557163883592	Marionette	WARN	TLS certificate errors will be ignored for this session
JavaScript warning: https://my.sdu.edu.kz/common/general.js, line 597: unreachable code after return statement
JavaScript warning: https://my.sdu.edu.kz/common/general.js, line 597: unreachable code after return statement
JavaScript warning: https://my.sdu.edu.kz/common/general.js, line 597: unreachable code after return statement
JavaScript warning: https://my.sdu.edu.kz/common/general.js, line 597: unreachable code after return statement

(/usr/lib/firefox/firefox:9755): dconf-WARNING **: 23:31:48.861: Unable to open /var/lib/snapd/desktop/dconf/profile/user: Permission denied
console.error: BroadcastService: 
  receivedBroadcastMessage: handler for
  remote-settings/monitor_changes
  threw error:
  Message: Error: Polling for changes failed: NetworkError when attempting to fetch resource..
  Stack:
    remoteSettingsFunction/remoteSettings.pollChanges@resource://services-settings/remote-settings.js:190:13

Exiting due to channel error.
Exiting due to channel error.
Exiting due to channel error.
1557164738979	mozrunner::runner	INFO	Running command: "/usr/bin/firefox" "-marionette" "-foreground" "-no-remote" "-profile" "/tmp/rust_mozprofile.mtCRDauatpIX"
1557164739473	addons.webextension.screenshots@mozilla.org	WARN	Loading extension 'screenshots@mozilla.org': Reading manifest: Invalid extension permission: mozillaAddons
1557164739474	addons.webextension.screenshots@mozilla.org	WARN	Loading extension 'screenshots@mozilla.org': Reading manifest: Invalid extension permission: resource://pdf.js/
1557164739474	addons.webextension.screenshots@mozilla.org	WARN	Loading extension 'screenshots@mozilla.org': Reading manifest: Invalid extension permission: about:reader*
1557164742583	Marionette	INFO	Listening on port 33115
1557164742597	Marionette	WARN	TLS certificate errors will be ignored for this session
Exiting due to channel error.
Exiting due to channel error.
Exiting due to channel error.
1557164769626	mozrunner::runner	INFO	Running command: "/usr/bin/firefox" "-marionette" "-foreground" "-no-remote" "-profile" "/tmp/rust_mozprofile.feozjTNV0Msb"
1557164770049	addons.webextension.screenshots@mozilla.org	WARN	Loading extension 'screenshots@mozilla.org': Reading manifest: Invalid extension permission: mozillaAddons
1557164770049	addons.webextension.screenshots@mozilla.org	WARN	Loading extension 'screenshots@mozilla.org': Reading manifest: Invalid extension permission: resource://pdf.js/
1557164770050	addons.webextension.screenshots@mozilla.org	WARN	Loading extension 'screenshots@mozilla.org': Reading manifest: Invalid extension permission: about:reader*
1557164772711	Marionette	INFO	Listening on port 40425
1557164772737	Marionette	WARN	TLS certificate errors will be ignored for this session
Exiting due to channel error.
Exiting due to channel error.
Exiting due to channel error.
1557164822562	mozrunner::runner	INFO	Running command: "/usr/bin/firefox" "-marionette" "-foreground" "-no-remote" "-profile" "/tmp/rust_mozprofile.eLPfIReoD4fV"
1557164823014	addons.webextension.screenshots@mozilla.org	WARN	Loading extension 'screenshots@mozilla.org': Reading manifest: Invalid extension permission: mozillaAddons
1557164823014	addons.webextension.screenshots@mozilla.org	WARN	Loading extension 'screenshots@mozilla.org': Reading manifest: Invalid extension permission: resource://pdf.js/
1557164823015	addons.webextension.screenshots@mozilla.org	WARN	Loading extension 'screenshots@mozilla.org': Reading manifest: Invalid extension permission: about:reader*
1557164825929	Marionette	INFO	Listening on port 45007
1557164826003	Marionette	WARN	TLS certificate errors will be ignored for this session
Exiting due to channel error.
Exiting due to channel error.
[GFX1-]: Receive IPC close with reason=AbnormalShutdown
Exiting due to channel error.
1557164858480	mozrunner::runner	INFO	Running command: "/usr/bin/firefox" "-marionette" "-foreground" "-no-remote" "-profile" "/tmp/rust_mozprofile.LuPYZHHjoqwd"
1557164859011	addons.webextension.screenshots@mozilla.org	WARN	Loading extension 'screenshots@mozilla.org': Reading manifest: Invalid extension permission: mozillaAddons
1557164859011	addons.webextension.screenshots@mozilla.org	WARN	Loading extension 'screenshots@mozilla.org': Reading manifest: Invalid extension permission: resource://pdf.js/
1557164859012	addons.webextension.screenshots@mozilla.org	WARN	Loading extension 'screenshots@mozilla.org': Reading manifest: Invalid extension permission: about:reader*
1557164862228	Marionette	INFO	Listening on port 44753
1557164862300	Marionette	WARN	TLS certificate errors will be ignored for this session
JavaScript warning: https://my.sdu.edu.kz/common/general.js, line 597: unreachable code after return statement
JavaScript warning: https://my.sdu.edu.kz/common/general.js, line 597: unreachable code after return statement
JavaScript warning: https://my.sdu.edu.kz/common/general.js, line 597: unreachable code after return statement
JavaScript warning: https://my.sdu.edu.kz/common/general.js, line 597: unreachable code after return statement
Exiting due to channel error.
Exiting due to channel error.
Exiting due to channel error.
1557164963652	mozrunner::runner	INFO	Running command: "/usr/bin/firefox" "-marionette" "-foreground" "-no-remote" "-profile" "/tmp/rust_mozprofile.Db2UZzrEBrkw"
1557164964079	addons.webextension.screenshots@mozilla.org	WARN	Loading extension 'screenshots@mozilla.org': Reading manifest: Invalid extension permission: mozillaAddons
1557164964080	addons.webextension.screenshots@mozilla.org	WARN	Loading extension 'screenshots@mozilla.org': Reading manifest: Invalid extension permission: resource://pdf.js/
1557164964080	addons.webextension.screenshots@mozilla.org	WARN	Loading extension 'screenshots@mozilla.org': Reading manifest: Invalid extension permission: about:reader*
1557164967054	Marionette	INFO	Listening on port 40439
1557164967099	Marionette	WARN	TLS certificate errors will be ignored for this session
JavaScript warning: https://my.sdu.edu.kz/common/general.js, line 597: unreachable code after return statement
JavaScript warning: https://my.sdu.edu.kz/common/general.js, line 597: unreachable code after return statement
Exiting due to channel error.
[GFX1-]: Receive IPC close with reason=AbnormalShutdown
[GFX1-]: Receive IPC close with reason=AbnormalShutdown
[Child 11838, Chrome_ChildThread] WARNING: pipe error (3): Connection reset by peer: file /build/firefox-6m4fHv/firefox-66.0.3+build1/ipc/chromium/src/chrome/common/ipc_channel_posix.cc, line 357
Exiting due to channel error.
Exiting due to channel error.
